2025-02-19 18:47:17,685 - Starting organization of: C:/Users/Haziel/Desktop/imagenes
2025-02-19 18:47:17,686 - Folder created: C:/Users/Haziel/Desktop/imagenes\Images
2025-02-19 18:47:17,686 - Folder created: C:/Users/Haziel/Desktop/imagenes\Documents
2025-02-19 18:47:17,686 - Folder created: C:/Users/Haziel/Desktop/imagenes\Music
2025-02-19 18:47:17,687 - Folder created: C:/Users/Haziel/Desktop/imagenes\Videos
2025-02-19 18:47:17,687 - Folder created: C:/Users/Haziel/Desktop/imagenes\Compressed
2025-02-19 18:47:17,688 - Folder created: C:/Users/Haziel/Desktop/imagenes\Executables
2025-02-19 18:47:17,688 - Folder created: C:/Users/Haziel/Desktop/imagenes\Others
2025-02-19 18:47:17,689 - Moved: (18) SKULL (@skullango) _ Twitter.png -> Images
2025-02-19 18:47:17,690 - Moved: 0730a9c7-66d0-4963-8527-f0f9c15f4542.gif -> Images
2025-02-19 18:47:17,691 - Moved: 12918ef2-9a25-406a-906a-307d5b2c5e54.gif -> Images
2025-02-19 18:47:17,692 - Moved: 151915ce-e787-49ac-babc-69534e49b0ed.gif -> Images
2025-02-19 18:47:17,693 - Moved: 194b17da-57e9-49a1-bada-cd0852ee967d.png -> Images
2025-02-19 18:47:17,693 - Moved: 2024-08-19_185942_Final.png -> Images
2025-02-19 18:47:17,694 - Moved: 31cbb229-b9e3-4164-bbd6-a93dd639de31.gif -> Images
2025-02-19 18:47:17,695 - Moved: 357f731e-2a95-4d93-a7fd-1dc2da3704e0.gif -> Images
2025-02-19 18:47:17,696 - Moved: 68fde762-a418-40a7-9025-dc0370217c06.gif -> Images
2025-02-19 18:47:17,697 - Moved: 6ddaef77-5011-4c44-9df0-25a55ca53d5e.png -> Images
2025-02-19 18:47:17,698 - Moved: Abstract GIF shared by amyjames on We Heart It.gif -> Images
2025-02-19 18:47:17,699 - Moved: acb2e5a3-be61-498a-b1a1-db1ba7f84b42.png -> Images
2025-02-19 18:47:17,700 - Moved: Aqua Vista, s- noba.png -> Images
2025-02-19 18:47:17,701 - Moved: Arca;Mutant[1000000] _ creating community, music, art, sound design, philosophy, visual _ Patreon.png -> Images
2025-02-19 18:47:17,702 - Moved: at least there's always music_ Photo.png -> Images
2025-02-19 18:47:17,703 - Moved: BROCKHAMPTON - iridescence.png -> Images
2025-02-19 18:47:17,704 - Moved: Cpieng — JP_I went to Japan this year… but I lost my job __.png -> Images
2025-02-19 18:47:17,706 - Moved: d53372ef-2138-4c0e-b400-96f5d720c403.png -> Images
2025-02-19 18:47:17,706 - Moved: descarga (2).png -> Images
2025-02-19 18:47:17,708 - Moved: descargar.gif -> Images
2025-02-19 18:47:17,709 - Moved: devilmandaily.gif -> Images
2025-02-19 18:47:17,711 - Moved: Floral Patterns, Edward Denton.png -> Images
2025-02-19 18:47:17,712 - Moved: Garou Gif GIF - Garou Gif - Descubre & Comparte GIFs.gif -> Images
2025-02-19 18:47:17,713 - Moved: Ghost in the Shell (1995).gif -> Images
2025-02-19 18:47:17,714 - Moved: Halloween, Xi Zhang.png -> Images
2025-02-19 18:47:17,715 - Moved: Hyde on Twitter.png -> Images
2025-02-19 18:47:17,716 - Moved: ine.pdf -> Documents
2025-02-19 18:47:17,717 - Moved: julio redesosimodel.mp4 -> Videos
2025-02-19 18:47:17,718 - Moved: julioredesosimodel}.veg -> Others
2025-02-19 18:47:17,719 - Moved: lack of ambition and direction.png -> Images
2025-02-19 18:47:17,720 - Moved: Log in to Twitter _ Twitter.png -> Images
2025-02-19 18:47:17,721 - Moved: Lous and the Yakuza Is a ‘Child of the World’ on Her Debut Album ‘Gore’.png -> Images
2025-02-19 18:47:17,723 - Moved: miscellaneous.png -> Images
2025-02-19 18:47:17,725 - Moved: Mob psycho 100.veg -> Others
2025-02-19 18:47:17,726 - Moved: original_d4d6631275cd6111ec1c57112baf1076.jpg -> Images
2025-02-19 18:47:17,728 - Moved: Psychological Tips For Love.png -> Images
2025-02-19 18:47:17,729 - Moved: PUPARIA.png -> Images
2025-02-19 18:47:17,731 - Moved: Robert Frondozio.png -> Images
2025-02-19 18:47:17,732 - Moved: Sin títul2o.veg -> Others
2025-02-19 18:47:17,733 - Moved: Sin título-1.psd -> Others
2025-02-19 18:47:17,735 - Moved: Sin título.veg -> Others
2025-02-19 18:47:17,736 - Moved: Stallion.gif -> Images
2025-02-19 18:47:17,738 - Moved: Temple of Hydor, Max Hay.png -> Images
2025-02-19 18:47:17,739 - Moved: Thunderstruck_ Photo.png -> Images
2025-02-19 18:47:17,740 - Moved: Tumblr (9).png -> Images
2025-02-19 18:47:17,742 - Moved: Tumblr artist _ iguanamouth.gif -> Images
2025-02-19 18:47:17,743 - Moved: whatsapp 23.10.24.jpg -> Images
2025-02-19 18:47:17,744 - Moved: whatsapp 24.10.24.jpg -> Images
2025-02-19 18:47:17,744 - Moved: yua.png -> Images
2025-02-19 18:47:17,745 - Moved: \u2728 on Twitter.png -> Images
2025-02-19 18:47:17,846 - Moved: \u2764\u8840\u6c60\u5730\u7344 82PIGEON\U0001f5a4 on Twitter.png -> Images
2025-02-19 18:47:18,087 - Moved: \u3088\u3046 on Twitter.jpg -> Images
2025-02-19 18:47:18,089 - Moved: \u6e05\u5df2 on Twitter (3).png -> Images
2025-02-19 18:47:18,093 - Moved: \u6e05\u5df2 on Twitter (4).png -> Images
2025-02-19 18:47:18,094 - Moved: \u6e05\u5df2 on Twitter (5).png -> Images
2025-02-19 18:47:18,095 - Moved: \u7126\u8336 on Twitter.png -> Images
2025-02-19 18:47:18,098 - Moved: \u79cb\u5c4b\u873b\u4e00 on Twitter (2).png -> Images
2025-02-19 18:47:18,104 - Moved: \u79cb\u5c4b\u873b\u4e00 on Twitter.png -> Images
2025-02-19 18:47:18,104 - Organization completed.
2025-02-19 18:51:09,276 - Starting organization of: C:/Users/Haziel/Desktop/archivos varios
2025-02-19 18:51:09,277 - Folder created: C:/Users/Haziel/Desktop/archivos varios\Images
2025-02-19 18:51:09,277 - Folder created: C:/Users/Haziel/Desktop/archivos varios\Documents
2025-02-19 18:51:09,278 - Folder created: C:/Users/Haziel/Desktop/archivos varios\Music
2025-02-19 18:51:09,278 - Folder created: C:/Users/Haziel/Desktop/archivos varios\Videos
2025-02-19 18:51:09,279 - Folder created: C:/Users/Haziel/Desktop/archivos varios\Compressed
2025-02-19 18:51:09,280 - Folder created: C:/Users/Haziel/Desktop/archivos varios\Executables
2025-02-19 18:51:09,280 - Folder created: C:/Users/Haziel/Desktop/archivos varios\Others
2025-02-19 18:51:09,282 - Moved: (18) SKULL (@skullango) _ Twitter.png -> Images
2025-02-19 18:51:09,283 - Moved: 0730a9c7-66d0-4963-8527-f0f9c15f4542.gif -> Images
2025-02-19 18:51:09,295 - Moved: 12918ef2-9a25-406a-906a-307d5b2c5e54.gif -> Images
2025-02-19 18:51:09,296 - Moved: 151915ce-e787-49ac-babc-69534e49b0ed.gif -> Images
2025-02-19 18:51:09,297 - Moved: 194b17da-57e9-49a1-bada-cd0852ee967d.png -> Images
2025-02-19 18:51:09,299 - Moved: 2024-08-19_185942_Final.png -> Images
2025-02-19 18:51:09,300 - Moved: 31cbb229-b9e3-4164-bbd6-a93dd639de31.gif -> Images
2025-02-19 18:51:09,301 - Moved: 357f731e-2a95-4d93-a7fd-1dc2da3704e0.gif -> Images
2025-02-19 18:51:09,303 - Moved: 68fde762-a418-40a7-9025-dc0370217c06.gif -> Images
2025-02-19 18:51:09,304 - Moved: 6ddaef77-5011-4c44-9df0-25a55ca53d5e.png -> Images
2025-02-19 18:51:09,306 - Moved: Abstract GIF shared by amyjames on We Heart It.gif -> Images
2025-02-19 18:51:09,307 - Moved: acb2e5a3-be61-498a-b1a1-db1ba7f84b42.png -> Images
2025-02-19 18:51:09,309 - Moved: Aqua Vista, s- noba.png -> Images
2025-02-19 18:51:09,310 - Moved: Arca;Mutant[1000000] _ creating community, music, art, sound design, philosophy, visual _ Patreon.png -> Images
2025-02-19 18:51:09,322 - Moved: at least there's always music_ Photo.png -> Images
2025-02-19 18:51:09,324 - Moved: BROCKHAMPTON - iridescence.png -> Images
2025-02-19 18:51:09,325 - Moved: Cpieng — JP_I went to Japan this year… but I lost my job __.png -> Images
2025-02-19 18:51:09,327 - Moved: d53372ef-2138-4c0e-b400-96f5d720c403.png -> Images
2025-02-19 18:51:09,329 - Moved: descarga (2).png -> Images
2025-02-19 18:51:09,330 - Moved: descargar.gif -> Images
2025-02-19 18:51:09,332 - Moved: devilmandaily.gif -> Images
2025-02-19 18:51:09,334 - Moved: Floral Patterns, Edward Denton.png -> Images
2025-02-19 18:51:09,335 - Moved: Garou Gif GIF - Garou Gif - Descubre & Comparte GIFs.gif -> Images
2025-02-19 18:51:09,336 - Moved: Ghost in the Shell (1995).gif -> Images
2025-02-19 18:51:09,337 - Moved: Halloween, Xi Zhang.png -> Images
2025-02-19 18:51:09,338 - Moved: Hyde on Twitter.png -> Images
2025-02-19 18:51:09,339 - Moved: ine.pdf -> Documents
2025-02-19 18:51:09,341 - Moved: julio redesosimodel.mp4 -> Videos
2025-02-19 18:51:09,342 - Moved: julioredesosimodel}.veg -> Others
2025-02-19 18:51:09,343 - Moved: lack of ambition and direction.png -> Images
2025-02-19 18:51:09,344 - Moved: Log in to Twitter _ Twitter.png -> Images
2025-02-19 18:51:09,345 - Moved: Lous and the Yakuza Is a ‘Child of the World’ on Her Debut Album ‘Gore’.png -> Images
2025-02-19 18:51:09,348 - Moved: miscellaneous.png -> Images
2025-02-19 18:51:09,349 - Moved: Mob psycho 100.veg -> Others
2025-02-19 18:51:09,351 - Moved: original_d4d6631275cd6111ec1c57112baf1076.jpg -> Images
2025-02-19 18:51:09,354 - Moved: Psychological Tips For Love.png -> Images
2025-02-19 18:51:09,356 - Moved: PUPARIA.png -> Images
2025-02-19 18:51:09,357 - Moved: Robert Frondozio.png -> Images
2025-02-19 18:51:09,358 - Moved: Sin títul2o.veg -> Others
2025-02-19 18:51:09,360 - Moved: Sin título-1.psd -> Others
2025-02-19 18:51:09,361 - Moved: Sin título.veg -> Others
2025-02-19 18:51:09,362 - Moved: Stallion.gif -> Images
2025-02-19 18:51:09,363 - Moved: Temple of Hydor, Max Hay.png -> Images
2025-02-19 18:51:09,365 - Moved: Thunderstruck_ Photo.png -> Images
2025-02-19 18:51:09,366 - Moved: Tumblr (9).png -> Images
2025-02-19 18:51:09,367 - Moved: Tumblr artist _ iguanamouth.gif -> Images
2025-02-19 18:51:09,368 - Moved: whatsapp 23.10.24.jpg -> Images
2025-02-19 18:51:09,370 - Moved: whatsapp 24.10.24.jpg -> Images
2025-02-19 18:51:09,371 - Moved: yua.png -> Images
2025-02-19 18:51:09,371 - Moved: \u2728 on Twitter.png -> Images
2025-02-19 18:51:09,476 - Moved: \u2764\u8840\u6c60\u5730\u7344 82PIGEON\U0001f5a4 on Twitter.png -> Images
2025-02-19 18:51:09,698 - Moved: \u3088\u3046 on Twitter.jpg -> Images
2025-02-19 18:51:09,701 - Moved: \u6e05\u5df2 on Twitter (3).png -> Images
2025-02-19 18:51:09,705 - Moved: \u6e05\u5df2 on Twitter (4).png -> Images
2025-02-19 18:51:09,706 - Moved: \u6e05\u5df2 on Twitter (5).png -> Images
2025-02-19 18:51:09,707 - Moved: \u7126\u8336 on Twitter.png -> Images
2025-02-19 18:51:09,712 - Moved: \u79cb\u5c4b\u873b\u4e00 on Twitter (2).png -> Images
2025-02-19 18:51:09,717 - Moved: \u79cb\u5c4b\u873b\u4e00 on Twitter.png -> Images
2025-02-19 18:51:09,717 - Organization completed.
